<?xml version="1.0" encoding="UTF-8"?>
<testng-results skipped="0" failed="0" total="0" passed="0">
  <reporter-output>
  </reporter-output>
  <suite name="com.digital.education.system.data.AppTest" duration-ms="10" started-at="2018-06-24T13:24:04Z" finished-at="2018-06-24T13:24:04Z">
    <groups>
    </groups>
    <test name="Command line test" duration-ms="10" started-at="2018-06-24T13:24:04Z" finished-at="2018-06-24T13:24:04Z">
    </test> <!-- Command line test -->
  </suite> <!-- com.digital.education.system.data.AppTest -->
</testng-results>
